<?xml version="1.0" encoding="UTF-8"?>
<!-- Generated by org.testng.reporters.JUnitXMLReporter -->
<testsuite ignored="7" hostname="Nada-Ahmed" failures="0" tests="1" name="Default test" time="45.33" errors="0" timestamp="2022-08-25T21:44:20 PDT">
  <testcase classname="Axis.Axis_App.P2pTest" name="CheckFeesDisplayInLatesttranx" time="25.595"/>
  <testcase classname="Axis.Axis_App.P2pTest" name="CheckTranxDisplayInLatesttranx" time="0.0">
    <ignored/>
  </testcase> <!-- CheckTranxDisplayInLatesttranx -->
  <testcase classname="Axis.Axis_App.P2pTest" name="CheckDescSavedSuccess" time="0.0">
    <ignored/>
  </testcase> <!-- CheckDescSavedSuccess -->
  <testcase classname="Axis.Axis_App.P2pTest" name="CheckTranxCompleted" time="0.0">
    <ignored/>
  </testcase> <!-- CheckTranxCompleted -->
  <testcase classname="Axis.Axis_App.P2pTest" name="CheckAmountacceptsDecimal" time="0.0">
    <ignored/>
  </testcase> <!-- CheckAmountacceptsDecimal -->
  <testcase classname="Axis.Axis_App.P2pTest" name="CheckMobileSavedSuccess" time="0.0">
    <ignored/>
  </testcase> <!-- CheckMobileSavedSuccess -->
  <testcase classname="Axis.Axis_App.P2pTest" name="CheckOpenSendPage" time="0.0">
    <ignored/>
  </testcase> <!-- CheckOpenSendPage -->
  <testcase classname="Axis.Axis_App.P2pTest" name="CheckAmountacceptsInteger" time="0.0">
    <ignored/>
  </testcase> <!-- CheckAmountacceptsInteger -->
</testsuite> <!-- Default test -->
