<?xml version="1.0" encoding="UTF-8"?>
<testng-results ignored="7" total="8" passed="1" failed="0" skipped="0">
  <reporter-output>
  </reporter-output>
  <suite started-at="2022-08-25T21:43:35 PDT" name="Default suite" finished-at="2022-08-25T21:44:20 PDT" duration-ms="45330">
    <groups>
    </groups>
    <test started-at="2022-08-25T21:43:35 PDT" name="Default test" finished-at="2022-08-25T21:44:20 PDT" duration-ms="45330">
      <class name="Axis.Axis_App.P2pTest">
        <test-method is-config="true" signature="Setup()[pri:0, instance:Axis.Axis_App.P2pTest@78123e82]" started-at="2022-08-25T21:43:35 PDT" name="Setup" finished-at="2022-08-25T21:43:55 PDT" duration-ms="19690" status="PASS">
          <reporter-output>
          </reporter-output>
        </test-method> <!-- Setup -->
        <test-method signature="CheckFeesDisplayInLatesttranx()[pri:8, instance:Axis.Axis_App.P2pTest@78123e82]" started-at="2022-08-25T21:43:55 PDT" name="CheckFeesDisplayInLatesttranx" finished-at="2022-08-25T21:44:20 PDT" duration-ms="25595" status="PASS">
          <reporter-output>
          </reporter-output>
        </test-method> <!-- CheckFeesDisplayInLatesttranx -->
      </class> <!-- Axis.Axis_App.P2pTest -->
    </test> <!-- Default test -->
  </suite> <!-- Default suite -->
</testng-results>
